[33mWARN [0m 16:53:55  revel   i18n.go:167: Ignoring file because it did not have a valid extension  [33msection[0m=i18n [33mfile[0m=album.conf 
[33mWARN [0m 16:53:55  revel   i18n.go:167: Ignoring file because it did not have a valid extension  [33msection[0m=i18n [33mfile[0m=blog.conf 
[33mWARN [0m 16:53:55  revel   i18n.go:167: Ignoring file because it did not have a valid extension  [33msection[0m=i18n [33mfile[0m=markdown.conf 
[33mWARN [0m 16:53:55  revel   i18n.go:167: Ignoring file because it did not have a valid extension  [33msection[0m=i18n [33mfile[0m=member.conf 
[33mWARN [0m 16:53:55  revel   i18n.go:167: Ignoring file because it did not have a valid extension  [33msection[0m=i18n [33mfile[0m=msg.conf 
[33mWARN [0m 16:53:55  revel   i18n.go:167: Ignoring file because it did not have a valid extension  [33msection[0m=i18n [33mfile[0m=tinymce_editor.conf 
[33mWARN [0m 16:53:55  revel   i18n.go:167: Ignoring file because it did not have a valid extension  [33msection[0m=i18n [33mfile[0m=album.conf 
[33mWARN [0m 16:53:55  revel   i18n.go:167: Ignoring file because it did not have a valid extension  [33msection[0m=i18n [33mfile[0m=blog.conf 
[33mWARN [0m 16:53:55  revel   i18n.go:167: Ignoring file because it did not have a valid extension  [33msection[0m=i18n [33mfile[0m=markdown.conf 
[33mWARN [0m 16:53:55  revel   i18n.go:167: Ignoring file because it did not have a valid extension  [33msection[0m=i18n [33mfile[0m=member.conf 
[33mWARN [0m 16:53:55  revel   i18n.go:167: Ignoring file because it did not have a valid extension  [33msection[0m=i18n [33mfile[0m=msg.conf 
[33mWARN [0m 16:53:55  revel   i18n.go:167: Ignoring file because it did not have a valid extension  [33msection[0m=i18n [33mfile[0m=tinymce_editor.conf 
[33mWARN [0m 16:53:55  revel   i18n.go:167: Ignoring file because it did not have a valid extension  [33msection[0m=i18n [33mfile[0m=album.conf 
[33mWARN [0m 16:53:55  revel   i18n.go:167: Ignoring file because it did not have a valid extension  [33msection[0m=i18n [33mfile[0m=blog.conf 
[33mWARN [0m 16:53:55  revel   i18n.go:167: Ignoring file because it did not have a valid extension  [33msection[0m=i18n [33mfile[0m=markdown.conf 
[33mWARN [0m 16:53:55  revel   i18n.go:167: Ignoring file because it did not have a valid extension  [33msection[0m=i18n [33mfile[0m=member.conf 
[33mWARN [0m 16:53:55  revel   i18n.go:167: Ignoring file because it did not have a valid extension  [33msection[0m=i18n [33mfile[0m=msg.conf 
[33mWARN [0m 16:53:55  revel   i18n.go:167: Ignoring file because it did not have a valid extension  [33msection[0m=i18n [33mfile[0m=note.conf 
[33mWARN [0m 16:53:55  revel   i18n.go:167: Ignoring file because it did not have a valid extension  [33msection[0m=i18n [33mfile[0m=tinymce_editor.conf 
[33mWARN [0m 16:53:55  revel   i18n.go:167: Ignoring file because it did not have a valid extension  [33msection[0m=i18n [33mfile[0m=album.conf 
[33mWARN [0m 16:53:55  revel   i18n.go:167: Ignoring file because it did not have a valid extension  [33msection[0m=i18n [33mfile[0m=blog.conf 
[33mWARN [0m 16:53:55  revel   i18n.go:167: Ignoring file because it did not have a valid extension  [33msection[0m=i18n [33mfile[0m=markdown.conf 
[33mWARN [0m 16:53:55  revel   i18n.go:167: Ignoring file because it did not have a valid extension  [33msection[0m=i18n [33mfile[0m=member.conf 
[33mWARN [0m 16:53:55  revel   i18n.go:167: Ignoring file because it did not have a valid extension  [33msection[0m=i18n [33mfile[0m=msg.conf 
[33mWARN [0m 16:53:55  revel   i18n.go:167: Ignoring file because it did not have a valid extension  [33msection[0m=i18n [33mfile[0m=tinymce_editor.conf 
[33mWARN [0m 16:53:55  revel   i18n.go:167: Ignoring file because it did not have a valid extension  [33msection[0m=i18n [33mfile[0m=album.conf 
[33mWARN [0m 16:53:55  revel   i18n.go:167: Ignoring file because it did not have a valid extension  [33msection[0m=i18n [33mfile[0m=blog.conf 
[33mWARN [0m 16:53:55  revel   i18n.go:167: Ignoring file because it did not have a valid extension  [33msection[0m=i18n [33mfile[0m=markdown.conf 
[33mWARN [0m 16:53:55  revel   i18n.go:167: Ignoring file because it did not have a valid extension  [33msection[0m=i18n [33mfile[0m=member.conf 
[33mWARN [0m 16:53:55  revel   i18n.go:167: Ignoring file because it did not have a valid extension  [33msection[0m=i18n [33mfile[0m=msg.conf 
[33mWARN [0m 16:53:55  revel   i18n.go:167: Ignoring file because it did not have a valid extension  [33msection[0m=i18n [33mfile[0m=tinymce_editor.conf 
[33mWARN [0m 16:53:55  revel   i18n.go:167: Ignoring file because it did not have a valid extension  [33msection[0m=i18n [33mfile[0m=album.conf 
[33mWARN [0m 16:53:55  revel   i18n.go:167: Ignoring file because it did not have a valid extension  [33msection[0m=i18n [33mfile[0m=blog.conf 
[33mWARN [0m 16:53:55  revel   i18n.go:167: Ignoring file because it did not have a valid extension  [33msection[0m=i18n [33mfile[0m=markdown.conf 
[33mWARN [0m 16:53:55  revel   i18n.go:167: Ignoring file because it did not have a valid extension  [33msection[0m=i18n [33mfile[0m=member.conf 
[33mWARN [0m 16:53:55  revel   i18n.go:167: Ignoring file because it did not have a valid extension  [33msection[0m=i18n [33mfile[0m=msg.conf 
[33mWARN [0m 16:53:55  revel   i18n.go:167: Ignoring file because it did not have a valid extension  [33msection[0m=i18n [33mfile[0m=note.conf 
[33mWARN [0m 16:53:55  revel   i18n.go:167: Ignoring file because it did not have a valid extension  [33msection[0m=i18n [33mfile[0m=tinymce_editor.conf 
[33mWARN [0m 16:53:55  revel   i18n.go:167: Ignoring file because it did not have a valid extension  [33msection[0m=i18n [33mfile[0m=album.conf 
[33mWARN [0m 16:53:55  revel   i18n.go:167: Ignoring file because it did not have a valid extension  [33msection[0m=i18n [33mfile[0m=blog.conf 
[33mWARN [0m 16:53:55  revel   i18n.go:167: Ignoring file because it did not have a valid extension  [33msection[0m=i18n [33mfile[0m=markdown.conf 
[33mWARN [0m 16:53:55  revel   i18n.go:167: Ignoring file because it did not have a valid extension  [33msection[0m=i18n [33mfile[0m=member.conf 
[33mWARN [0m 16:53:55  revel   i18n.go:167: Ignoring file because it did not have a valid extension  [33msection[0m=i18n [33mfile[0m=msg.conf 
[33mWARN [0m 16:53:55  revel   i18n.go:167: Ignoring file because it did not have a valid extension  [33msection[0m=i18n [33mfile[0m=note.conf 
[33mWARN [0m 16:53:55  revel   i18n.go:167: Ignoring file because it did not have a valid extension  [33msection[0m=i18n [33mfile[0m=tinymce_editor.conf 
[33mWARN [0m 16:59:31  revel   i18n.go:167: Ignoring file because it did not have a valid extension  [33msection[0m=i18n [33mfile[0m=album.conf 
[33mWARN [0m 16:59:31  revel   i18n.go:167: Ignoring file because it did not have a valid extension  [33msection[0m=i18n [33mfile[0m=blog.conf 
[33mWARN [0m 16:59:31  revel   i18n.go:167: Ignoring file because it did not have a valid extension  [33msection[0m=i18n [33mfile[0m=markdown.conf 
[33mWARN [0m 16:59:31  revel   i18n.go:167: Ignoring file because it did not have a valid extension  [33msection[0m=i18n [33mfile[0m=member.conf 
[33mWARN [0m 16:59:31  revel   i18n.go:167: Ignoring file because it did not have a valid extension  [33msection[0m=i18n [33mfile[0m=msg.conf 
[33mWARN [0m 16:59:31  revel   i18n.go:167: Ignoring file because it did not have a valid extension  [33msection[0m=i18n [33mfile[0m=tinymce_editor.conf 
[33mWARN [0m 16:59:31  revel   i18n.go:167: Ignoring file because it did not have a valid extension  [33msection[0m=i18n [33mfile[0m=album.conf 
[33mWARN [0m 16:59:31  revel   i18n.go:167: Ignoring file because it did not have a valid extension  [33msection[0m=i18n [33mfile[0m=blog.conf 
[33mWARN [0m 16:59:31  revel   i18n.go:167: Ignoring file because it did not have a valid extension  [33msection[0m=i18n [33mfile[0m=markdown.conf 
[33mWARN [0m 16:59:31  revel   i18n.go:167: Ignoring file because it did not have a valid extension  [33msection[0m=i18n [33mfile[0m=member.conf 
[33mWARN [0m 16:59:31  revel   i18n.go:167: Ignoring file because it did not have a valid extension  [33msection[0m=i18n [33mfile[0m=msg.conf 
[33mWARN [0m 16:59:31  revel   i18n.go:167: Ignoring file because it did not have a valid extension  [33msection[0m=i18n [33mfile[0m=tinymce_editor.conf 
[33mWARN [0m 16:59:31  revel   i18n.go:167: Ignoring file because it did not have a valid extension  [33msection[0m=i18n [33mfile[0m=album.conf 
[33mWARN [0m 16:59:31  revel   i18n.go:167: Ignoring file because it did not have a valid extension  [33msection[0m=i18n [33mfile[0m=blog.conf 
[33mWARN [0m 16:59:31  revel   i18n.go:167: Ignoring file because it did not have a valid extension  [33msection[0m=i18n [33mfile[0m=markdown.conf 
[33mWARN [0m 16:59:31  revel   i18n.go:167: Ignoring file because it did not have a valid extension  [33msection[0m=i18n [33mfile[0m=member.conf 
[33mWARN [0m 16:59:31  revel   i18n.go:167: Ignoring file because it did not have a valid extension  [33msection[0m=i18n [33mfile[0m=msg.conf 
[33mWARN [0m 16:59:31  revel   i18n.go:167: Ignoring file because it did not have a valid extension  [33msection[0m=i18n [33mfile[0m=note.conf 
[33mWARN [0m 16:59:31  revel   i18n.go:167: Ignoring file because it did not have a valid extension  [33msection[0m=i18n [33mfile[0m=tinymce_editor.conf 
[33mWARN [0m 16:59:31  revel   i18n.go:167: Ignoring file because it did not have a valid extension  [33msection[0m=i18n [33mfile[0m=album.conf 
[33mWARN [0m 16:59:31  revel   i18n.go:167: Ignoring file because it did not have a valid extension  [33msection[0m=i18n [33mfile[0m=blog.conf 
[33mWARN [0m 16:59:31  revel   i18n.go:167: Ignoring file because it did not have a valid extension  [33msection[0m=i18n [33mfile[0m=markdown.conf 
[33mWARN [0m 16:59:31  revel   i18n.go:167: Ignoring file because it did not have a valid extension  [33msection[0m=i18n [33mfile[0m=member.conf 
[33mWARN [0m 16:59:31  revel   i18n.go:167: Ignoring file because it did not have a valid extension  [33msection[0m=i18n [33mfile[0m=msg.conf 
[33mWARN [0m 16:59:31  revel   i18n.go:167: Ignoring file because it did not have a valid extension  [33msection[0m=i18n [33mfile[0m=tinymce_editor.conf 
[33mWARN [0m 16:59:31  revel   i18n.go:167: Ignoring file because it did not have a valid extension  [33msection[0m=i18n [33mfile[0m=album.conf 
[33mWARN [0m 16:59:31  revel   i18n.go:167: Ignoring file because it did not have a valid extension  [33msection[0m=i18n [33mfile[0m=blog.conf 
[33mWARN [0m 16:59:31  revel   i18n.go:167: Ignoring file because it did not have a valid extension  [33msection[0m=i18n [33mfile[0m=markdown.conf 
[33mWARN [0m 16:59:31  revel   i18n.go:167: Ignoring file because it did not have a valid extension  [33msection[0m=i18n [33mfile[0m=member.conf 
[33mWARN [0m 16:59:31  revel   i18n.go:167: Ignoring file because it did not have a valid extension  [33msection[0m=i18n [33mfile[0m=msg.conf 
[33mWARN [0m 16:59:31  revel   i18n.go:167: Ignoring file because it did not have a valid extension  [33msection[0m=i18n [33mfile[0m=tinymce_editor.conf 
[33mWARN [0m 16:59:31  revel   i18n.go:167: Ignoring file because it did not have a valid extension  [33msection[0m=i18n [33mfile[0m=album.conf 
[33mWARN [0m 16:59:31  revel   i18n.go:167: Ignoring file because it did not have a valid extension  [33msection[0m=i18n [33mfile[0m=blog.conf 
[33mWARN [0m 16:59:31  revel   i18n.go:167: Ignoring file because it did not have a valid extension  [33msection[0m=i18n [33mfile[0m=markdown.conf 
[33mWARN [0m 16:59:31  revel   i18n.go:167: Ignoring file because it did not have a valid extension  [33msection[0m=i18n [33mfile[0m=member.conf 
[33mWARN [0m 16:59:31  revel   i18n.go:167: Ignoring file because it did not have a valid extension  [33msection[0m=i18n [33mfile[0m=msg.conf 
[33mWARN [0m 16:59:31  revel   i18n.go:167: Ignoring file because it did not have a valid extension  [33msection[0m=i18n [33mfile[0m=note.conf 
[33mWARN [0m 16:59:31  revel   i18n.go:167: Ignoring file because it did not have a valid extension  [33msection[0m=i18n [33mfile[0m=tinymce_editor.conf 
[33mWARN [0m 16:59:31  revel   i18n.go:167: Ignoring file because it did not have a valid extension  [33msection[0m=i18n [33mfile[0m=album.conf 
[33mWARN [0m 16:59:31  revel   i18n.go:167: Ignoring file because it did not have a valid extension  [33msection[0m=i18n [33mfile[0m=blog.conf 
[33mWARN [0m 16:59:31  revel   i18n.go:167: Ignoring file because it did not have a valid extension  [33msection[0m=i18n [33mfile[0m=markdown.conf 
[33mWARN [0m 16:59:31  revel   i18n.go:167: Ignoring file because it did not have a valid extension  [33msection[0m=i18n [33mfile[0m=member.conf 
[33mWARN [0m 16:59:31  revel   i18n.go:167: Ignoring file because it did not have a valid extension  [33msection[0m=i18n [33mfile[0m=msg.conf 
[33mWARN [0m 16:59:31  revel   i18n.go:167: Ignoring file because it did not have a valid extension  [33msection[0m=i18n [33mfile[0m=note.conf 
[33mWARN [0m 16:59:31  revel   i18n.go:167: Ignoring file because it did not have a valid extension  [33msection[0m=i18n [33mfile[0m=tinymce_editor.conf 
[33mWARN [0m 17:04:26  revel    i18n.go:85: Unknown message 'leanote' for locale 'zh-cn'  [33msection[0m=i18n 
[33mWARN [0m 19:03:19  revel    i18n.go:85: Unknown message 'leanote' for locale 'zh-cn'  [33msection[0m=i18n 
[33mWARN [0m 19:03:22  revel    i18n.go:85: Unknown message 'leanote' for locale 'zh-cn'  [33msection[0m=i18n 
